<?xml version="1.0" encoding="UTF-8"?>
<!-- Generated by org.testng.reporters.JUnitXMLReporter -->
<testsuite hostname="dev-machine" tests="10" failures="0" timestamp="18 Apr 2022 11:58:01 GMT" time="3.222" errors="0">
  <testcase name="testCim" time="0.268" classname="EntityTesterTest"/>
  <testcase name="testDocbookx" time="1.3" classname="EntityTesterTest"/>
  <testcase name="testInlineEntityAndAttributeList" time="0.248" classname="EntityTesterTest"/>
  <testcase name="testMbeans" time="0.035" classname="EntityTesterTest"/>
  <testcase name="testPerfsuite" time="0.061" classname="EntityTesterTest"/>
  <testcase name="testScrollkeeper" time="0.202" classname="EntityTesterTest"/>
  <testcase name="testServletApi" time="0.811" classname="EntityTesterTest"/>
  <testcase name="testSipApp" time="0.024" classname="EntityTesterTest"/>
  <testcase name="testWiresharkSmil" time="0.037" classname="EntityTesterTest"/>
  <testcase name="testXmlCore" time="0.214" classname="EntityTesterTest"/>
</testsuite>
